<?xml version="1.0" encoding="UTF-8"?>
<!-- Generated by org.testng.reporters.JUnitReportReporter -->
<testsuite skipped="0" hostname="DESKTOP-1SF9GD8" name="Test.SampleTest" tests="1" failures="0" timestamp="21 Oct 2018 11:56:17 GMT" time="0.003" errors="0">
  <testcase name="TestFun" time="0.003" classname="Test.SampleTest"/>
</testsuite> <!-- Test.SampleTest -->
