<?xml version="1.0" encoding="UTF-8"?>
<!-- Generated by org.testng.reporters.JUnitReportReporter -->
<testsuite skipped="0" hostname="DESKTOP-1SF9GD8" name="Test.MercuryTest" tests="2" failures="0" timestamp="21 Oct 2018 14:05:37 GMT" time="12.702" errors="0">
  <testcase name="Test_For_Registration" time="6.982" classname="Test.MercuryTest"/>
  <testcase name="Test_Fun_For_New_Login" time="5.720" classname="Test.MercuryTest"/>
</testsuite> <!-- Test.MercuryTest -->
