<?xml version="1.0" encoding="UTF-8"?>
<!-- Generated by org.testng.reporters.JUnitReportReporter -->
<testsuite skipped="0" hostname="DESKTOP-1SF9GD8" name="BeforeClassTest.Test1" tests="2" failures="0" timestamp="22 Nov 2018 05:41:05 GMT" time="0.016" errors="0">
  <testcase name="TestMethod1" time="0.016" classname="BeforeClassTest.Test1"/>
  <testcase name="TestMethod2" time="0.000" classname="BeforeClassTest.Test1"/>
</testsuite> <!-- BeforeClassTest.Test1 -->
